# JRE version: OpenJDK Runtime Environment (11.0.11+9) (build 11.0.11+9-b60-7590822)
# Java VM: OpenJDK 64-Bit Server VM (11.0.11+9-b60-7590822, mixed mode, tiered, compressed oops, g1 gc, windows-amd64)
Heap:
 garbage-first heap   total 262144K, used 143304K [0x0000000080000000, 0x0000000100000000)
  region size 1024K, 6 young (6144K), 6 survivors (6144K)
 Metaspace       used 118931K, capacity 122128K, committed 122180K, reserved 1167360K
  class space    used 15056K, capacity 16186K, committed 16228K, reserved 1048576K
GC Heap History (20 events):
Event: 14.210 GC heap before
{Heap before GC invocations=10 (full 0):
 garbage-first heap   total 262144K, used 184071K [0x0000000080000000, 0x0000000100000000)
  region size 1024K, 132 young (135168K), 3 survivors (3072K)
 Metaspace       used 67955K, capacity 69503K, committed 69708K, reserved 1110016K
  class space    used 8607K, capacity 9224K, committed 9292K, reserved 1048576K
}
Event: 14.220 GC heap after
{Heap after GC invocations=11 (full 0):
 garbage-first heap   total 262144K, used 60549K [0x0000000080000000, 0x0000000100000000)
  region size 1024K, 12 young (12288K), 12 survivors (12288K)
 Metaspace       used 67955K, capacity 69503K, committed 69708K, reserved 1110016K
  class space    used 8607K, capacity 9224K, committed 9292K, reserved 1048576K
}
Event: 17.863 GC heap before
{Heap before GC invocations=11 (full 0):
 garbage-first heap   total 262144K, used 190597K [0x0000000080000000, 0x0000000100000000)
  region size 1024K, 139 young (142336K), 12 survivors (12288K)
 Metaspace       used 81192K, capacity 82957K, committed 83276K, reserved 1122304K
  class space    used 10560K, capacity 11241K, committed 11340K, reserved 1048576K
}
Event: 17.877 GC heap after
{Heap after GC invocations=12 (full 0):
 garbage-first heap   total 262144K, used 69183K [0x0000000080000000, 0x0000000100000000)
  region size 1024K, 9 young (9216K), 9 survivors (9216K)
 Metaspace       used 81192K, capacity 82957K, committed 83276K, reserved 1122304K
  class space    used 10560K, capacity 11241K, committed 11340K, reserved 1048576K
}
Event: 20.642 GC heap before
{Heap before GC invocations=12 (full 0):
 garbage-first heap   total 262144K, used 213567K [0x0000000080000000, 0x0000000100000000)
  region size 1024K, 134 young (137216K), 9 survivors (9216K)
 Metaspace       used 87016K, capacity 89281K, committed 89548K, reserved 1126400K
  class space    used 11315K, capacity 12164K, committed 12236K, reserved 1048576K
}
Event: 20.652 GC heap after
{Heap after GC invocations=13 (full 0):
 garbage-first heap   total 262144K, used 74397K [0x0000000080000000, 0x0000000100000000)
  region size 1024K, 14 young (14336K), 14 survivors (14336K)
 Metaspace       used 87016K, capacity 89281K, committed 89548K, reserved 1126400K
  class space    used 11315K, capacity 12164K, committed 12236K, reserved 1048576K
}
Event: 21.736 GC heap before
{Heap before GC invocations=13 (full 0):
 garbage-first heap   total 262144K, used 201373K [0x0000000080000000, 0x0000000100000000)
  region size 1024K, 139 young (142336K), 14 survivors (14336K)
 Metaspace       used 94443K, capacity 96724K, committed 96844K, reserved 1132544K
  class space    used 12161K, capacity 13037K, committed 13132K, reserved 1048576K
}
Event: 21.751 GC heap after
{Heap after GC invocations=14 (full 0):
 garbage-first heap   total 262144K, used 80115K [0x0000000080000000, 0x0000000100000000)
  region size 1024K, 12 young (12288K), 12 survivors (12288K)
 Metaspace       used 94443K, capacity 96724K, committed 96844K, reserved 1132544K
  class space    used 12161K, capacity 13037K, committed 13132K, reserved 1048576K
}
Event: 25.069 GC heap before
{Heap before GC invocations=14 (full 0):
 garbage-first heap   total 262144K, used 200947K [0x0000000080000000, 0x0000000100000000)
  region size 1024K, 132 young (135168K), 12 survivors (12288K)
 Metaspace       used 98684K, capacity 100947K, committed 101036K, reserved 1136640K
  class space    used 12626K, capacity 13493K, committed 13516K, reserved 1048576K
}
Event: 25.087 GC heap after
{Heap after GC invocations=15 (full 0):
 garbage-first heap   total 262144K, used 88940K [0x0000000080000000, 0x0000000100000000)
  region size 1024K, 15 young (15360K), 15 survivors (15360K)
 Metaspace       used 98684K, capacity 100947K, committed 101036K, reserved 1136640K
  class space    used 12626K, capacity 13493K, committed 13516K, reserved 1048576K
}
Event: 59.918 GC heap before
{Heap before GC invocations=16 (full 0):
 garbage-first heap   total 262144K, used 224108K [0x0000000080000000, 0x0000000100000000)
  region size 1024K, 131 young (134144K), 15 survivors (15360K)
 Metaspace       used 104377K, capacity 107126K, committed 107204K, reserved 1142784K
  class space    used 13497K, capacity 14510K, committed 14564K, reserved 1048576K
}
Event: 59.953 GC heap after
{Heap after GC invocations=17 (full 0):
 garbage-first heap   total 262144K, used 105721K [0x0000000080000000, 0x0000000100000000)
  region size 1024K, 16 young (16384K), 16 survivors (16384K)
 Metaspace       used 104377K, capacity 107126K, committed 107204K, reserved 1142784K
  class space    used 13497K, capacity 14510K, committed 14564K, reserved 1048576K
}
Event: 63.797 GC heap before
{Heap before GC invocations=18 (full 0):
 garbage-first heap   total 262144K, used 214265K [0x0000000080000000, 0x0000000100000000)
  region size 1024K, 119 young (121856K), 16 survivors (16384K)
 Metaspace       used 107388K, capacity 110370K, committed 110660K, reserved 1144832K
  class space    used 13794K, capacity 14897K, committed 14948K, reserved 1048576K
}
Event: 63.812 GC heap after
{Heap after GC invocations=19 (full 0):
 garbage-first heap   total 262144K, used 112990K [0x0000000080000000, 0x0000000100000000)
  region size 1024K, 6 young (6144K), 6 survivors (6144K)
 Metaspace       used 107388K, capacity 110370K, committed 110660K, reserved 1144832K
  class space    used 13794K, capacity 14897K, committed 14948K, reserved 1048576K
}
Event: 66.366 GC heap before
{Heap before GC invocations=19 (full 0):
 garbage-first heap   total 262144K, used 181598K [0x0000000080000000, 0x0000000100000000)
  region size 1024K, 66 young (67584K), 6 survivors (6144K)
 Metaspace       used 109720K, capacity 112772K, committed 112964K, reserved 1146880K
  class space    used 14057K, capacity 15162K, committed 15204K, reserved 1048576K
}
Event: 66.382 GC heap after
{Heap after GC invocations=20 (full 0):
 garbage-first heap   total 262144K, used 127680K [0x0000000080000000, 0x0000000100000000)
  region size 1024K, 12 young (12288K), 12 survivors (12288K)
 Metaspace       used 109720K, capacity 112772K, committed 112964K, reserved 1146880K
  class space    used 14057K, capacity 15162K, committed 15204K, reserved 1048576K
}
Event: 70.033 GC heap before
{Heap before GC invocations=21 (full 0):
 garbage-first heap   total 262144K, used 210624K [0x0000000080000000, 0x0000000100000000)
  region size 1024K, 91 young (93184K), 12 survivors (12288K)
 Metaspace       used 114409K, capacity 117631K, committed 117956K, reserved 1150976K
  class space    used 14654K, capacity 15771K, committed 15844K, reserved 1048576K
}
Event: 70.044 GC heap after
{Heap after GC invocations=22 (full 0):
 garbage-first heap   total 262144K, used 138495K [0x0000000080000000, 0x0000000100000000)
  region size 1024K, 13 young (13312K), 13 survivors (13312K)
 Metaspace       used 114409K, capacity 117631K, committed 117956K, reserved 1150976K
  class space    used 14654K, capacity 15771K, committed 15844K, reserved 1048576K
}
Event: 73.771 GC heap before
{Heap before GC invocations=23 (full 0):
 garbage-first heap   total 262144K, used 204031K [0x0000000080000000, 0x0000000100000000)
  region size 1024K, 78 young (79872K), 13 survivors (13312K)
 Metaspace       used 118931K, capacity 122128K, committed 122180K, reserved 1165312K
  class space    used 15056K, capacity 16186K, committed 16228K, reserved 1048576K
}
Event: 73.809 GC heap after
{Heap after GC invocations=24 (full 0):
 garbage-first heap   total 262144K, used 143304K [0x0000000080000000, 0x0000000100000000)
  region size 1024K, 6 young (6144K), 6 survivors (6144K)
 Metaspace       used 118931K, capacity 122128K, committed 122180K, reserved 1165312K
  class space    used 15056K, capacity 16186K, committed 16228K, reserved 1048576K
}

